I 2018-02-19 13:30:01:897 server.cc(86) Starting WebDriver server on port: '1895' on host: ''
T 2018-02-19 13:30:01:898 server.cc(634) Entering Server::PopulateCommandRepository
T 2018-02-19 13:30:01:898 IEServer.cpp(32) Entering IEServer::IEServer
I 2018-02-19 13:30:01:898 IEServer.cpp(33) Driver version: 3.6.0.0 (32-bit)
T 2018-02-19 13:30:01:898 server.cc(121) Entering Server::Start
D 2018-02-19 13:30:01:898 server.cc(148) Civetweb ACL is -0.0.0.0/0,+127.0.0.1
T 2018-02-19 13:30:02:392 server.cc(174) Entering Server::ProcessRequest
T 2018-02-19 13:30:02:392 server.cc(183) Process request with: URI: /status HTTP verb: GET
body: {}
T 2018-02-19 13:30:02:392 server.cc(272) Entering Server::DispatchCommand
T 2018-02-19 13:30:02:392 server.cc(583) Entering Server::LookupCommand
D 2018-02-19 13:30:02:392 server.cc(281) Command: GET /status {}
T 2018-02-19 13:30:02:392 IEServer.cpp(51) Entering IEServer::GetStatus
T 2018-02-19 13:30:02:393 response.cc(72) Entering Response::SetSuccessResponse
T 2018-02-19 13:30:02:393 response.cc(78) Entering Response::SetResponse
T 2018-02-19 13:30:02:393 response.cc(51) Entering Response::Serialize
D 2018-02-19 13:30:02:393 server.cc(338) Response: {"value":{"build":{"version":"3.6.0.0 (32-bit)"},"message":"Ready to create session","os":{"arch":"x64","name":"windows","version":"6.1.7601.18015 (win7sp1_gdr.121129-1432)"},"ready":true}}

T 2018-02-19 13:30:02:393 server.cc(391) Entering Server::SendResponseToClient
T 2018-02-19 13:30:02:393 response.cc(30) Entering Response::Deserialize
T 2018-02-19 13:30:02:393 server.cc(445) Entering Server::SendHttpOk
T 2018-02-19 13:30:02:657 server.cc(174) Entering Server::ProcessRequest
T 2018-02-19 13:30:02:658 server.cc(238) Entering Server::ReadRequestBody
T 2018-02-19 13:30:02:658 server.cc(183) Process request with: URI: /session HTTP verb: POST
body: {
  "desiredCapabilities": {"browserName":"internet explorer","ensureCleanSession":true,"ie.usePerProcessProxy":"true","platform":"WINDOWS","se:ieOptions":{"ie.usePerProcessProxy":"true"}},
  "capabilities": {
    "desiredCapabilities": {"browserName":"internet explorer","ensureCleanSession":true,"ie.usePerProcessProxy":"true","platform":"WINDOWS","se:ieOptions":{"ie.usePerProcessProxy":"true"}},
    "firstMatch": [
      {"browserName":"internet explorer","platformName":"windows","se:ieOptions":{"ie.usePerProcessProxy":"true"}}
    ]
  }
}
T 2018-02-19 13:30:02:658 server.cc(272) Entering Server::DispatchCommand
T 2018-02-19 13:30:02:658 server.cc(583) Entering Server::LookupCommand
D 2018-02-19 13:30:02:658 server.cc(281) Command: POST /session {
  "desiredCapabilities": {"browserName":"internet explorer","ensureCleanSession":true,"ie.usePerProcessProxy":"true","platform":"WINDOWS","se:ieOptions":{"ie.usePerProcessProxy":"true"}},
  "capabilities": {
    "desiredCapabilities": {"browserName":"internet explorer","ensureCleanSession":true,"ie.usePerProcessProxy":"true","platform":"WINDOWS","se:ieOptions":{"ie.usePerProcessProxy":"true"}},
    "firstMatch": [
      {"browserName":"internet explorer","platformName":"windows","se:ieOptions":{"ie.usePerProcessProxy":"true"}}
    ]
  }
}
T 2018-02-19 13:30:02:658 IEServer.cpp(42) Entering IEServer::InitializeSession
T 2018-02-19 13:30:02:658 IESession.cpp(38) Entering IESession::Initialize
D 2018-02-19 13:30:02:658 IESession.cpp(53) Mutex acquired for session initalization
T 2018-02-19 13:30:02:663 IECommandExecutor.cpp(386) Entering IECommandExecutor::ThreadProc
T 2018-02-19 13:30:02:663 IECommandExecutor.cpp(47) Entering IECommandExecutor::OnCreate
T 2018-02-19 13:30:02:664 IECommandExecutor.cpp(753) Entering IECommandExecutor::PopulateElementFinderMethods
T 2018-02-19 13:30:02:664 InputManager.cpp(40) Entering InputManager::InputManager
T 2018-02-19 13:30:02:664 InputManager.cpp(75) Entering InputManager::Initialize
T 2018-02-19 13:30:02:664 BrowserFactory.cpp(998) Entering BrowserFactory::GetExecutableLocation
T 2018-02-19 13:30:02:664 BrowserFactory.cpp(1039) Entering BrowserFactory::GetIEVersion
T 2018-02-19 13:30:02:664 CommandHandlerRepository.cpp(108) Entering CommandHandlerRepository::PopulateCommandHandlers
T 2018-02-19 13:30:02:664 IESession.cpp(99) Created thread for command executor returns HWND: '000707CC'
T 2018-02-19 13:30:02:665 IESession.cpp(103) Session id is retrived from command executor window: '9e9068bd-dc89-4a86-878c-59154b5845fc'
D 2018-02-19 13:30:02:665 IESession.cpp(109) Releasing session initialization mutex
T 2018-02-19 13:30:02:665 IESession.cpp(191) Entering IESession::ExecuteCommand
T 2018-02-19 13:30:02:665 IECommandExecutor.cpp(122) Entering IECommandExecutor::OnSetCommand
T 2018-02-19 13:30:02:665 command.cc(31) Entering Command::Deserialize
D 2018-02-19 13:30:02:665 command.cc(36) Raw JSON command: { "name" : "newSession", "locator" : { }, "parameters" : {
  "desiredCapabilities": {"browserName":"internet explorer","ensureCleanSession":true,"ie.usePerProcessProxy":"true","platform":"WINDOWS","se:ieOptions":{"ie.usePerProcessProxy":"true"}},
  "capabilities": {
    "desiredCapabilities": {"browserName":"internet explorer","ensureCleanSession":true,"ie.usePerProcessProxy":"true","platform":"WINDOWS","se:ieOptions":{"ie.usePerProcessProxy":"true"}},
    "firstMatch": [
      {"browserName":"internet explorer","platformName":"windows","se:ieOptions":{"ie.usePerProcessProxy":"true"}}
    ]
  }
} }
T 2018-02-19 13:30:02:665 IECommandExecutor.cpp(133) Entering IECommandExecutor::OnExecCommand
T 2018-02-19 13:30:02:665 IECommandExecutor.cpp(454) Entering IECommandExecutor::DispatchCommand
D 2018-02-19 13:30:02:665 CommandHandlers\NewSessionCommandHandler.cpp(46) Found W3C capabilities structure
D 2018-02-19 13:30:02:665 CommandHandlers\NewSessionCommandHandler.cpp(505) Validating capabilities object
D 2018-02-19 13:30:02:665 CommandHandlers\NewSessionCommandHandler.cpp(505) Validating capabilities object
D 2018-02-19 13:30:02:665 CommandHandlers\NewSessionCommandHandler.cpp(535) Found browserNamecapability. Validating value type is string.
D 2018-02-19 13:30:02:665 CommandHandlers\NewSessionCommandHandler.cpp(564) Found platformNamecapability. Validating value type is string.
D 2018-02-19 13:30:02:665 CommandHandlers\NewSessionCommandHandler.cpp(794) Found proxycapability. Validating value type is object.
T 2018-02-19 13:30:02:665 BrowserFactory.cpp(113) Entering BrowserFactory::Initialize
T 2018-02-19 13:30:02:665 IECommandExecutor.cpp(631) Entering IECommandExecutor::CreateNewBrowser
T 2018-02-19 13:30:02:665 BrowserFactory.cpp(142) Entering BrowserFactory::LaunchBrowserProcess
D 2018-02-19 13:30:02:665 BrowserFactory.cpp(146) Ignoring Protected Mode Settings: 0
D 2018-02-19 13:30:02:665 BrowserFactory.cpp(149) Checking validity of Protected Mode settings.
T 2018-02-19 13:30:02:665 BrowserFactory.cpp(1058) Entering BrowserFactory::ProtectedModeSettingsAreValid
D 2018-02-19 13:30:02:665 BrowserFactory.cpp(1061) Detected IE version: 11, Windows version supports Protected Mode: 1
T 2018-02-19 13:30:02:665 IESession.cpp(212) Beginning wait for response length to be not zero
T 2018-02-19 13:30:02:665 BrowserFactory.cpp(1135) Entering BrowserFactory::GetZoneProtectedModeSetting
D 2018-02-19 13:30:02:665 BrowserFactory.cpp(1152) Found Protected Mode setting value of 3 for zone 1
T 2018-02-19 13:30:02:665 BrowserFactory.cpp(1135) Entering BrowserFactory::GetZoneProtectedModeSetting
D 2018-02-19 13:30:02:665 BrowserFactory.cpp(1156) RegQueryValueEx failed for getting Protected Mode setting for a zone: 2
T 2018-02-19 13:30:02:665 BrowserFactory.cpp(1135) Entering BrowserFactory::GetZoneProtectedModeSetting
D 2018-02-19 13:30:02:665 BrowserFactory.cpp(1156) RegQueryValueEx failed for getting Protected Mode setting for a zone: 3
T 2018-02-19 13:30:02:665 BrowserFactory.cpp(1135) Entering BrowserFactory::GetZoneProtectedModeSetting
D 2018-02-19 13:30:02:665 BrowserFactory.cpp(1156) RegQueryValueEx failed for getting Protected Mode setting for a zone: 4
D 2018-02-19 13:30:02:665 BrowserFactory.cpp(152) Has Valid Protected Mode Settings: 1
T 2018-02-19 13:30:02:665 BrowserFactory.cpp(226) Entering BrowserFactory::IsIELaunchURLAvailable
T 2018-02-19 13:30:02:668 BrowserFactory.cpp(130) Entering BrowserFactory::ClearCache
T 2018-02-19 13:30:02:669 BrowserFactory.cpp(247) Entering BrowserFactory::LaunchBrowserUsingIELaunchURL
D 2018-02-19 13:30:02:669 BrowserFactory.cpp(248) Starting IE using the IELaunchURL API
D 2018-02-19 13:30:02:816 BrowserFactory.cpp(202) IE launched successfully with process ID 7116
D 2018-02-19 13:30:02:817 BrowserFactory.cpp(208) Process with ID 7116 is executing iexplore.exe
T 2018-02-19 13:30:02:817 BrowserFactory.cpp(365) Entering BrowserFactory::AttachToBrowser
D 2018-02-19 13:30:02:817 BrowserFactory.cpp(375) Using Active Accessibility to find IWebBrowser2 interface
T 2018-02-19 13:30:02:817 BrowserFactory.cpp(414) Entering BrowserFactory::AttachToBrowserUsingActiveAccessibility
